<?xml version="1.0" encoding="UTF-8"?>
<!-- Generated by org.testng.reporters.JUnitReportReporter -->
<testsuite skipped="0" hostname="DESKTOP-U8GE9MR" name="Patient_Module.RetryDemo" tests="1" failures="0" timestamp="2023-03-28T17:21:13 IST" time="0.016" errors="0">
  <testcase name="createPatient" time="0.016" classname="Patient_Module.RetryDemo"/>
  <system-out>
    <![CDATA[Patient Created]]>
  </system-out>
</testsuite> <!-- Patient_Module.RetryDemo -->
