<?xml version="1.0" encoding="UTF-8"?>
<!-- Generated by org.testng.reporters.JUnitReportReporter -->
<testsuite skipped="0" hostname="DESKTOP-U8GE9MR" name="Practise_pck.DataProviderDemo" tests="3" failures="0" timestamp="2023-03-24T10:41:28 IST" time="0.031" errors="0">
  <testcase name="getData" time="0.016" classname="Practise_pck.DataProviderDemo"/>
  <system-out>
    <![CDATA[from-->Pyspiderto-->Hebbalthen--->Bangalore]]>
  </system-out>
  <testcase name="getData" time="0.000" classname="Practise_pck.DataProviderDemo"/>
  <system-out>
    <![CDATA[from-->Qspiderto-->BTMthen--->Bangalore]]>
  </system-out>
  <testcase name="getData" time="0.015" classname="Practise_pck.DataProviderDemo"/>
  <system-out>
    <![CDATA[from-->TestYantrato-->Katriguppethen--->Bangalore]]>
  </system-out>
</testsuite> <!-- Practise_pck.DataProviderDemo -->
