<?xml version="1.0" encoding="UTF-8"?>
<!-- Generated by org.testng.reporters.JUnitReportReporter -->
<testsuite skipped="0" hostname="DESKTOP-U8GE9MR" name="PomExecution.RegistrationOfPatient" tests="2" failures="0" timestamp="2023-03-28T16:38:22 IST" time="61.385" errors="0">
  <testcase name="patientRegistration" time="52.441" classname="PomExecution.RegistrationOfPatient"/>
  <system-out>
    <![CDATA[patientRegistration----->Testscript execution started
patientRegistration-----> Testscript execution successfull]]>
  </system-out>
  <testcase name="patientRegistration" time="8.944" classname="PomExecution.RegistrationOfPatient"/>
  <system-out>
    <![CDATA[patientRegistration----->Testscript execution started
patientRegistration-----> Testscript execution successfull]]>
  </system-out>
</testsuite> <!-- PomExecution.RegistrationOfPatient -->
