<?xml version="1.0" encoding="UTF-8"?>
<!-- Generated by org.testng.reporters.JUnitReportReporter -->
<testsuite skipped="0" hostname="DESKTOP-U8GE9MR" name="Practise_pck.DP_Test" tests="3" failures="0" timestamp="2023-03-23T17:43:50 IST" time="0.016" errors="0">
  <testcase name="getData" time="0.000" classname="Practise_pck.DP_Test"/>
  <system-out>
    <![CDATA[from--->Pyspiderto-->Hebbal-->Location Bangalore]]>
  </system-out>
  <testcase name="getData" time="0.000" classname="Practise_pck.DP_Test"/>
  <system-out>
    <![CDATA[from--->Qspiderto-->BTM-->Location Bangalore]]>
  </system-out>
  <testcase name="getData" time="0.016" classname="Practise_pck.DP_Test"/>
  <system-out>
    <![CDATA[from--->TestYantrato-->Katriguppe-->Location Bangalore]]>
  </system-out>
</testsuite> <!-- Practise_pck.DP_Test -->
