<?xml version="1.0" encoding="UTF-8"?>
<!-- Generated by org.testng.reporters.JUnitReportReporter -->
<testsuite skipped="0" hostname="DESKTOP-U8GE9MR" name="Practise_pck.TestNgP1" tests="5" failures="0" timestamp="2023-03-23T15:13:49 IST" time="0.023" errors="0">
  <testcase name="createCustomer" time="0.001" classname="Practise_pck.TestNgP1"/>
  <system-out>
    <![CDATA[Create Customer]]>
  </system-out>
  <testcase name="createCustomer" time="0.002" classname="Practise_pck.TestNgP1"/>
  <system-out>
    <![CDATA[Create Customer]]>
  </system-out>
  <testcase name="createCustomer" time="0.018" classname="Practise_pck.TestNgP1"/>
  <system-out>
    <![CDATA[Create Customer]]>
  </system-out>
  <testcase name="modifyCustomer" time="0.001" classname="Practise_pck.TestNgP1"/>
  <system-out>
    <![CDATA[Modify Customer]]>
  </system-out>
  <testcase name="deleteCustomer" time="0.001" classname="Practise_pck.TestNgP1"/>
  <system-out>
    <![CDATA[Delete Customer]]>
  </system-out>
</testsuite> <!-- Practise_pck.TestNgP1 -->
