<?xml version="1.0" encoding="UTF-8"?>
<!-- Generated by org.testng.reporters.JUnitReportReporter -->
<testsuite skipped="0" hostname="DESKTOP-U8GE9MR" name="Practise_pck.TS_03" tests="2" failures="0" timestamp="2023-03-29T10:26:40 IST" time="0.004" errors="0">
  <testcase name="method6" time="0.002" classname="Practise_pck.TS_03"/>
  <system-out>
    <![CDATA[method06]]>
  </system-out>
  <testcase name="method5" time="0.002" classname="Practise_pck.TS_03"/>
  <system-out>
    <![CDATA[method05]]>
  </system-out>
</testsuite> <!-- Practise_pck.TS_03 -->
