<?xml version="1.0" encoding="UTF-8"?>
<!-- Generated by org.testng.reporters.JUnitReportReporter -->
<testsuite skipped="0" hostname="DESKTOP-U8GE9MR" name="PomExecution.LoginAsDoctor" tests="2" failures="0" timestamp="2023-03-28T16:38:22 IST" time="51.792" errors="0">
  <testcase name="login" time="30.313" classname="PomExecution.LoginAsDoctor"/>
  <system-out>
    <![CDATA[login----->Testscript execution started
login-----> Testscript execution successfull]]>
  </system-out>
  <testcase name="login" time="21.479" classname="PomExecution.LoginAsDoctor"/>
  <system-out>
    <![CDATA[login----->Testscript execution started
login-----> Testscript execution successfull]]>
  </system-out>
</testsuite> <!-- PomExecution.LoginAsDoctor -->
