<?xml version="1.0" encoding="UTF-8"?>
<!-- Generated by org.testng.reporters.JUnitReportReporter -->
<testsuite skipped="0" hostname="DESKTOP-U8GE9MR" name="PomExecution.ContactQuery" tests="2" failures="0" timestamp="2023-03-28T16:38:21 IST" time="35.399" errors="0">
  <testcase name="contactQuery" time="19.055" classname="PomExecution.ContactQuery"/>
  <system-out>
    <![CDATA[contactQuery----->Testscript execution started
Query send Successfully
contactQuery-----> Testscript execution successfull]]>
  </system-out>
  <testcase name="contactQuery" time="16.344" classname="PomExecution.ContactQuery"/>
  <system-out>
    <![CDATA[contactQuery----->Testscript execution started
Query send Successfully
contactQuery-----> Testscript execution successfull]]>
  </system-out>
</testsuite> <!-- PomExecution.ContactQuery -->
