<?xml version="1.0" encoding="UTF-8"?>
<!-- Generated by org.testng.reporters.JUnitReportReporter -->
<testsuite hostname="DESKTOP-U8GE9MR" failures="0" tests="1" name="PomExecution.BookAppointmentPatient" time="10.310" errors="0" timestamp="2023-03-31T15:11:49 IST" skipped="0">
  <testcase classname="PomExecution.BookAppointmentPatient" name="bookAppointmenr" time="10.310"/>
  <system-out>
    <![CDATA[bookAppointmenr----->Testscript execution started
Appointment Done
bookAppointmenr-----> Testscript execution successfull]]>
  </system-out>
</testsuite> <!-- PomExecution.BookAppointmentPatient -->
