<?xml version="1.0" encoding="UTF-8"?>
<!-- Generated by org.testng.reporters.JUnitReportReporter -->
<testsuite skipped="0" hostname="DESKTOP-U8GE9MR" name="PomExecution.LoginAsAdmin" tests="3" failures="0" timestamp="2023-03-28T17:07:18 IST" time="4.981" errors="0">
  <testcase name="loginAdmin" time="1.729" classname="PomExecution.LoginAsAdmin"/>
  <system-out>
    <![CDATA[loginAdmin----->Testscript execution started
Login as Admin done
loginAdmin-----> Testscript execution successfull]]>
  </system-out>
  <testcase name="loginPatient" time="2.109" classname="PomExecution.LoginAsAdmin"/>
  <system-out>
    <![CDATA[loginPatient----->Testscript execution started
Login as Patient
loginPatient-----> Testscript execution successfull]]>
  </system-out>
  <testcase name="loginDoctor" time="1.143" classname="PomExecution.LoginAsAdmin"/>
  <system-out>
    <![CDATA[loginDoctor----->Testscript execution started
Login as Doctor
loginDoctor-----> Testscript execution successfull]]>
  </system-out>
</testsuite> <!-- PomExecution.LoginAsAdmin -->
