<?xml version="1.0" encoding="UTF-8"?>
<!-- Generated by org.testng.reporters.JUnitReportReporter -->
<testsuite skipped="0" hostname="DESKTOP-U8GE9MR" name="PomExecution.LoginAsPatient" tests="2" failures="0" timestamp="2023-03-28T16:38:22 IST" time="26.875" errors="0">
  <testcase name="login" time="17.993" classname="PomExecution.LoginAsPatient"/>
  <system-out>
    <![CDATA[login----->Testscript execution started
login-----> Testscript execution successfull]]>
  </system-out>
  <testcase name="login" time="8.882" classname="PomExecution.LoginAsPatient"/>
  <system-out>
    <![CDATA[login----->Testscript execution started
login-----> Testscript execution successfull]]>
  </system-out>
</testsuite> <!-- PomExecution.LoginAsPatient -->
