<?xml version="1.0" encoding="UTF-8"?>
<!-- Generated by org.testng.reporters.JUnitReportReporter -->
<testsuite skipped="0" hostname="DESKTOP-U8GE9MR" name="Practise_pck.AnnotationTest" tests="2" failures="0" timestamp="2023-03-23T16:19:55 IST" time="0.016" errors="0">
  <testcase name="execute1" time="0.016" classname="Practise_pck.AnnotationTest"/>
  <system-out>
    <![CDATA[Execute Data1]]>
  </system-out>
  <testcase name="execute2" time="0.000" classname="Practise_pck.AnnotationTest"/>
  <system-out>
    <![CDATA[Execute Data2]]>
  </system-out>
</testsuite> <!-- Practise_pck.AnnotationTest -->
