<?xml version="1.0" encoding="UTF-8"?>
<!-- Generated by org.testng.reporters.JUnitReportReporter -->
<testsuite skipped="0" hostname="DESKTOP-U8GE9MR" name="Practise_pck.TS_04" tests="1" failures="0" timestamp="2023-03-28T17:08:34 IST" time="0.000" errors="0">
  <testcase name="method8" time="0.000" classname="Practise_pck.TS_04"/>
  <system-out>
    <![CDATA[method8----->Testscript execution started
method008
method8-----> Testscript execution successfull]]>
  </system-out>
</testsuite> <!-- Practise_pck.TS_04 -->
